[0.249s] DEBUG:colcon:Command line arguments: ['/usr/bin/colcon', 'build', '--symlink-install', '--packages-select', 'px4_msgs', 'px4_powerplant_mission']
[0.249s] DEBUG:colcon:Parsed command line arguments: Namespace(log_base=None, log_level=None, verb_name='build', build_base='build', install_base='install', merge_install=False, symlink_install=True, test_result_base=None, continue_on_error=False, executor='parallel', parallel_workers=32, event_handlers=None, ignore_user_meta=False, metas=['./colcon.meta'], base_paths=['.'], packages_ignore=None, packages_ignore_regex=None, paths=None, packages_up_to=None, packages_up_to_regex=None, packages_above=None, packages_above_and_dependencies=None, packages_above_depth=None, packages_select_by_dep=None, packages_skip_by_dep=None, packages_skip_up_to=None, packages_select_build_failed=False, packages_skip_build_finished=False, packages_select_test_failures=False, packages_skip_test_passed=False, packages_select=['px4_msgs', 'px4_powerplant_mission'], packages_skip=None, packages_select_regex=None, packages_skip_regex=None, packages_start=None, packages_end=None, allow_overriding=[], cmake_args=None, cmake_target=None, cmake_target_skip_unavailable=False, cmake_clean_cache=False, cmake_clean_first=False, cmake_force_configure=False, ament_cmake_args=None, catkin_cmake_args=None, catkin_skip_building_tests=False, verb_parser=<colcon_defaults.argument_parser.defaults.DefaultArgumentsDecorator object at 0x7549a0f8a060>, verb_extension=<colcon_core.verb.build.BuildVerb object at 0x7549a1be64b0>, main=<bound method BuildVerb.main of <colcon_core.verb.build.BuildVerb object at 0x7549a1be64b0>>)
[0.304s] Level 1:colcon.colcon_core.package_discovery:discover_packages(colcon_meta) check parameters
[0.305s] Level 1:colcon.colcon_core.package_discovery:discover_packages(recursive) check parameters
[0.305s] Level 1:colcon.colcon_core.package_discovery:discover_packages(ignore) check parameters
[0.305s] Level 1:colcon.colcon_core.package_discovery:discover_packages(path) check parameters
[0.305s] Level 1:colcon.colcon_core.package_discovery:discover_packages(colcon_meta) discover
[0.305s] Level 1:colcon.colcon_core.package_discovery:discover_packages(recursive) discover
[0.305s] INFO:colcon.colcon_core.package_discovery:Crawling recursively for packages in '/home/pawn/px4_ros_ws'
[0.305s] Level 1:colcon.colcon_core.package_identification:_identify(.) by extensions ['ignore', 'ignore_ament_install']
[0.305s] Level 1:colcon.colcon_core.package_identification:_identify(.) by extension 'ignore'
[0.306s] Level 1:colcon.colcon_core.package_identification:_identify(.) by extension 'ignore_ament_install'
[0.306s] Level 1:colcon.colcon_core.package_identification:_identify(.) by extensions ['colcon_pkg']
[0.306s] Level 1:colcon.colcon_core.package_identification:_identify(.) by extension 'colcon_pkg'
[0.306s] Level 1:colcon.colcon_core.package_identification:_identify(.) by extensions ['colcon_meta']
[0.307s] Level 1:colcon.colcon_core.package_identification:_identify(.) by extension 'colcon_meta'
[0.307s] Level 1:colcon.colcon_core.package_identification:_identify(.) by extensions ['ros']
[0.307s] Level 1:colcon.colcon_core.package_identification:_identify(.) by extension 'ros'
[0.344s] Level 1:colcon.colcon_core.package_identification:_identify(.) by extensions ['cmake', 'python']
[0.344s] Level 1:colcon.colcon_core.package_identification:_identify(.) by extension 'cmake'
[0.344s] Level 1:colcon.colcon_core.package_identification:_identify(.) by extension 'python'
[0.344s] Level 1:colcon.colcon_core.package_identification:_identify(.) by extensions ['python_setup_py']
[0.344s] Level 1:colcon.colcon_core.package_identification:_identify(.) by extension 'python_setup_py'
[0.344s] Level 1:colcon.colcon_core.package_identification:_identify(build) by extensions ['ignore', 'ignore_ament_install']
[0.345s] Level 1:colcon.colcon_core.package_identification:_identify(build) by extension 'ignore'
[0.345s] Level 1:colcon.colcon_core.package_identification:_identify(build) ignored
[0.345s] Level 1:colcon.colcon_core.package_identification:_identify(install) by extensions ['ignore', 'ignore_ament_install']
[0.345s] Level 1:colcon.colcon_core.package_identification:_identify(install) by extension 'ignore'
[0.346s] Level 1:colcon.colcon_core.package_identification:_identify(install) ignored
[0.346s] Level 1:colcon.colcon_core.package_identification:_identify(log) by extensions ['ignore', 'ignore_ament_install']
[0.346s] Level 1:colcon.colcon_core.package_identification:_identify(log) by extension 'ignore'
[0.346s] Level 1:colcon.colcon_core.package_identification:_identify(log) ignored
[0.346s] Level 1:colcon.colcon_core.package_identification:_identify(src) by extensions ['ignore', 'ignore_ament_install']
[0.347s] Level 1:colcon.colcon_core.package_identification:_identify(src) by extension 'ignore'
[0.347s] Level 1:colcon.colcon_core.package_identification:_identify(src) by extension 'ignore_ament_install'
[0.347s] Level 1:colcon.colcon_core.package_identification:_identify(src) by extensions ['colcon_pkg']
[0.347s] Level 1:colcon.colcon_core.package_identification:_identify(src) by extension 'colcon_pkg'
[0.347s] Level 1:colcon.colcon_core.package_identification:_identify(src) by extensions ['colcon_meta']
[0.347s] Level 1:colcon.colcon_core.package_identification:_identify(src) by extension 'colcon_meta'
[0.347s] Level 1:colcon.colcon_core.package_identification:_identify(src) by extensions ['ros']
[0.347s] Level 1:colcon.colcon_core.package_identification:_identify(src) by extension 'ros'
[0.347s] Level 1:colcon.colcon_core.package_identification:_identify(src) by extensions ['cmake', 'python']
[0.347s] Level 1:colcon.colcon_core.package_identification:_identify(src) by extension 'cmake'
[0.348s] Level 1:colcon.colcon_core.package_identification:_identify(src) by extension 'python'
[0.348s] Level 1:colcon.colcon_core.package_identification:_identify(src) by extensions ['python_setup_py']
[0.348s] Level 1:colcon.colcon_core.package_identification:_identify(src) by extension 'python_setup_py'
[0.348s] Level 1:colcon.colcon_core.package_identification:_identify(src/px4_msgs) by extensions ['ignore', 'ignore_ament_install']
[0.348s] Level 1:colcon.colcon_core.package_identification:_identify(src/px4_msgs) by extension 'ignore'
[0.348s] Level 1:colcon.colcon_core.package_identification:_identify(src/px4_msgs) by extension 'ignore_ament_install'
[0.348s] Level 1:colcon.colcon_core.package_identification:_identify(src/px4_msgs) by extensions ['colcon_pkg']
[0.348s] Level 1:colcon.colcon_core.package_identification:_identify(src/px4_msgs) by extension 'colcon_pkg'
[0.348s] Level 1:colcon.colcon_core.package_identification:_identify(src/px4_msgs) by extensions ['colcon_meta']
[0.348s] Level 1:colcon.colcon_core.package_identification:_identify(src/px4_msgs) by extension 'colcon_meta'
[0.348s] Level 1:colcon.colcon_core.package_identification:_identify(src/px4_msgs) by extensions ['ros']
[0.348s] Level 1:colcon.colcon_core.package_identification:_identify(src/px4_msgs) by extension 'ros'
[0.353s] DEBUG:colcon.colcon_core.package_identification:Package 'src/px4_msgs' with type 'ros.ament_cmake' and name 'px4_msgs'
[0.353s] Level 1:colcon.colcon_core.package_identification:_identify(src/px4_powerplant_mission) by extensions ['ignore', 'ignore_ament_install']
[0.354s] Level 1:colcon.colcon_core.package_identification:_identify(src/px4_powerplant_mission) by extension 'ignore'
[0.354s] Level 1:colcon.colcon_core.package_identification:_identify(src/px4_powerplant_mission) by extension 'ignore_ament_install'
[0.354s] Level 1:colcon.colcon_core.package_identification:_identify(src/px4_powerplant_mission) by extensions ['colcon_pkg']
[0.354s] Level 1:colcon.colcon_core.package_identification:_identify(src/px4_powerplant_mission) by extension 'colcon_pkg'
[0.354s] Level 1:colcon.colcon_core.package_identification:_identify(src/px4_powerplant_mission) by extensions ['colcon_meta']
[0.354s] Level 1:colcon.colcon_core.package_identification:_identify(src/px4_powerplant_mission) by extension 'colcon_meta'
[0.354s] Level 1:colcon.colcon_core.package_identification:_identify(src/px4_powerplant_mission) by extensions ['ros']
[0.354s] Level 1:colcon.colcon_core.package_identification:_identify(src/px4_powerplant_mission) by extension 'ros'
[0.355s] DEBUG:colcon.colcon_core.package_identification:Package 'src/px4_powerplant_mission' with type 'ros.ament_python' and name 'px4_powerplant_mission'
[0.355s] Level 1:colcon.colcon_core.package_identification:_identify(src/px4_ros_com) by extensions ['ignore', 'ignore_ament_install']
[0.356s] Level 1:colcon.colcon_core.package_identification:_identify(src/px4_ros_com) by extension 'ignore'
[0.356s] Level 1:colcon.colcon_core.package_identification:_identify(src/px4_ros_com) by extension 'ignore_ament_install'
[0.356s] Level 1:colcon.colcon_core.package_identification:_identify(src/px4_ros_com) by extensions ['colcon_pkg']
[0.356s] Level 1:colcon.colcon_core.package_identification:_identify(src/px4_ros_com) by extension 'colcon_pkg'
[0.356s] Level 1:colcon.colcon_core.package_identification:_identify(src/px4_ros_com) by extensions ['colcon_meta']
[0.356s] Level 1:colcon.colcon_core.package_identification:_identify(src/px4_ros_com) by extension 'colcon_meta'
[0.356s] Level 1:colcon.colcon_core.package_identification:_identify(src/px4_ros_com) by extensions ['ros']
[0.356s] Level 1:colcon.colcon_core.package_identification:_identify(src/px4_ros_com) by extension 'ros'
[0.358s] DEBUG:colcon.colcon_core.package_identification:Package 'src/px4_ros_com' with type 'ros.ament_cmake' and name 'px4_ros_com'
[0.358s] Level 1:colcon.colcon_core.package_discovery:discover_packages(recursive) using defaults
[0.358s] Level 1:colcon.colcon_core.package_discovery:discover_packages(ignore) discover
[0.358s] Level 1:colcon.colcon_core.package_discovery:discover_packages(ignore) using defaults
[0.358s] Level 1:colcon.colcon_core.package_discovery:discover_packages(path) discover
[0.358s] Level 1:colcon.colcon_core.package_discovery:discover_packages(path) using defaults
[0.386s] INFO:colcon.colcon_core.package_selection:Skipping not selected package 'px4_ros_com' in 'src/px4_ros_com'
[0.387s] Level 1:colcon.colcon_core.package_discovery:discover_packages(prefix_path) check parameters
[0.387s] Level 1:colcon.colcon_core.package_discovery:discover_packages(prefix_path) discover
[0.391s] DEBUG:colcon.colcon_installed_package_information.package_discovery:Found 307 installed packages in /opt/ros/jazzy
[0.392s] Level 1:colcon.colcon_core.package_discovery:discover_packages(prefix_path) using defaults
[0.451s] Level 5:colcon.colcon_core.verb:set package 'px4_msgs' build argument 'cmake_args' from command line to 'None'
[0.451s] Level 5:colcon.colcon_core.verb:set package 'px4_msgs' build argument 'cmake_target' from command line to 'None'
[0.451s] Level 5:colcon.colcon_core.verb:set package 'px4_msgs' build argument 'cmake_target_skip_unavailable' from command line to 'False'
[0.451s] Level 5:colcon.colcon_core.verb:set package 'px4_msgs' build argument 'cmake_clean_cache' from command line to 'False'
[0.451s] Level 5:colcon.colcon_core.verb:set package 'px4_msgs' build argument 'cmake_clean_first' from command line to 'False'
[0.451s] Level 5:colcon.colcon_core.verb:set package 'px4_msgs' build argument 'cmake_force_configure' from command line to 'False'
[0.451s] Level 5:colcon.colcon_core.verb:set package 'px4_msgs' build argument 'ament_cmake_args' from command line to 'None'
[0.451s] Level 5:colcon.colcon_core.verb:set package 'px4_msgs' build argument 'catkin_cmake_args' from command line to 'None'
[0.451s] Level 5:colcon.colcon_core.verb:set package 'px4_msgs' build argument 'catkin_skip_building_tests' from command line to 'False'
[0.451s] DEBUG:colcon.colcon_core.verb:Building package 'px4_msgs' with the following arguments: {'ament_cmake_args': None, 'build_base': '/home/pawn/px4_ros_ws/build/px4_msgs', 'catkin_cmake_args': None, 'catkin_skip_building_tests': False, 'cmake_args': None, 'cmake_clean_cache': False, 'cmake_clean_first': False, 'cmake_force_configure': False, 'cmake_target': None, 'cmake_target_skip_unavailable': False, 'install_base': '/home/pawn/px4_ros_ws/install/px4_msgs', 'merge_install': False, 'path': '/home/pawn/px4_ros_ws/src/px4_msgs', 'symlink_install': True, 'test_result_base': None}
[0.451s] Level 5:colcon.colcon_core.verb:set package 'px4_powerplant_mission' build argument 'cmake_args' from command line to 'None'
[0.452s] Level 5:colcon.colcon_core.verb:set package 'px4_powerplant_mission' build argument 'cmake_target' from command line to 'None'
[0.452s] Level 5:colcon.colcon_core.verb:set package 'px4_powerplant_mission' build argument 'cmake_target_skip_unavailable' from command line to 'False'
[0.452s] Level 5:colcon.colcon_core.verb:set package 'px4_powerplant_mission' build argument 'cmake_clean_cache' from command line to 'False'
[0.452s] Level 5:colcon.colcon_core.verb:set package 'px4_powerplant_mission' build argument 'cmake_clean_first' from command line to 'False'
[0.452s] Level 5:colcon.colcon_core.verb:set package 'px4_powerplant_mission' build argument 'cmake_force_configure' from command line to 'False'
[0.452s] Level 5:colcon.colcon_core.verb:set package 'px4_powerplant_mission' build argument 'ament_cmake_args' from command line to 'None'
[0.452s] Level 5:colcon.colcon_core.verb:set package 'px4_powerplant_mission' build argument 'catkin_cmake_args' from command line to 'None'
[0.452s] Level 5:colcon.colcon_core.verb:set package 'px4_powerplant_mission' build argument 'catkin_skip_building_tests' from command line to 'False'
[0.452s] DEBUG:colcon.colcon_core.verb:Building package 'px4_powerplant_mission' with the following arguments: {'ament_cmake_args': None, 'build_base': '/home/pawn/px4_ros_ws/build/px4_powerplant_mission', 'catkin_cmake_args': None, 'catkin_skip_building_tests': False, 'cmake_args': None, 'cmake_clean_cache': False, 'cmake_clean_first': False, 'cmake_force_configure': False, 'cmake_target': None, 'cmake_target_skip_unavailable': False, 'install_base': '/home/pawn/px4_ros_ws/install/px4_powerplant_mission', 'merge_install': False, 'path': '/home/pawn/px4_ros_ws/src/px4_powerplant_mission', 'symlink_install': True, 'test_result_base': None}
[0.452s] INFO:colcon.colcon_core.executor:Executing jobs using 'parallel' executor
[0.454s] DEBUG:colcon.colcon_parallel_executor.executor.parallel:run_until_complete
[0.455s] INFO:colcon.colcon_ros.task.ament_cmake.build:Building ROS package in '/home/pawn/px4_ros_ws/src/px4_msgs' with build type 'ament_cmake'
[0.456s] INFO:colcon.colcon_cmake.task.cmake.build:Building CMake package in '/home/pawn/px4_ros_ws/src/px4_msgs'
[0.459s] INFO:colcon.colcon_core.plugin_system:Skipping extension 'colcon_core.shell.bat': Not used on non-Windows systems
[0.459s] INFO:colcon.colcon_core.shell:Skip shell extension 'powershell' for command environment: Not usable outside of PowerShell
[0.460s] DEBUG:colcon.colcon_core.shell:Skip shell extension 'dsv' for command environment
[0.480s] DEBUG:colcon.colcon_core.event_handler.log_command:Invoking command in '/home/pawn/px4_ros_ws/build/px4_msgs': CMAKE_PREFIX_PATH=${CMAKE_PREFIX_PATH}:/opt/ros/jazzy DEBUGINFOD_URLS=https://debuginfod.ubuntu.com /usr/bin/cmake /home/pawn/px4_ros_ws/src/px4_msgs -DAMENT_CMAKE_SYMLINK_INSTALL=1 -DCMAKE_INSTALL_PREFIX=/home/pawn/px4_ros_ws/install/px4_msgs
[11.811s] DEBUG:colcon.colcon_core.event_handler.log_command:Invoked command in '/home/pawn/px4_ros_ws/build/px4_msgs' returned '0': CMAKE_PREFIX_PATH=${CMAKE_PREFIX_PATH}:/opt/ros/jazzy DEBUGINFOD_URLS=https://debuginfod.ubuntu.com /usr/bin/cmake /home/pawn/px4_ros_ws/src/px4_msgs -DAMENT_CMAKE_SYMLINK_INSTALL=1 -DCMAKE_INSTALL_PREFIX=/home/pawn/px4_ros_ws/install/px4_msgs
[11.814s] DEBUG:colcon.colcon_core.event_handler.log_command:Invoking command in '/home/pawn/px4_ros_ws/build/px4_msgs': CMAKE_PREFIX_PATH=${CMAKE_PREFIX_PATH}:/opt/ros/jazzy DEBUGINFOD_URLS=https://debuginfod.ubuntu.com /usr/bin/cmake --build /home/pawn/px4_ros_ws/build/px4_msgs -- -j32 -l32
[269.087s] DEBUG:colcon.colcon_core.event_handler.log_command:Invoked command in '/home/pawn/px4_ros_ws/build/px4_msgs' returned '0': CMAKE_PREFIX_PATH=${CMAKE_PREFIX_PATH}:/opt/ros/jazzy DEBUGINFOD_URLS=https://debuginfod.ubuntu.com /usr/bin/cmake --build /home/pawn/px4_ros_ws/build/px4_msgs -- -j32 -l32
[269.104s] DEBUG:colcon.colcon_core.event_handler.log_command:Invoking command in '/home/pawn/px4_ros_ws/build/px4_msgs': CMAKE_PREFIX_PATH=${CMAKE_PREFIX_PATH}:/opt/ros/jazzy DEBUGINFOD_URLS=https://debuginfod.ubuntu.com /usr/bin/cmake --install /home/pawn/px4_ros_ws/build/px4_msgs
[326.091s] Level 1:colcon.colcon_core.environment:create_environment_scripts_only(px4_msgs)
[326.093s] DEBUG:colcon.colcon_core.event_handler.log_command:Invoked command in '/home/pawn/px4_ros_ws/build/px4_msgs' returned '0': CMAKE_PREFIX_PATH=${CMAKE_PREFIX_PATH}:/opt/ros/jazzy DEBUGINFOD_URLS=https://debuginfod.ubuntu.com /usr/bin/cmake --install /home/pawn/px4_ros_ws/build/px4_msgs
[326.108s] Level 1:colcon.colcon_core.environment:checking '/home/pawn/px4_ros_ws/install/px4_msgs' for CMake module files
[326.109s] Level 1:colcon.colcon_core.environment:checking '/home/pawn/px4_ros_ws/install/px4_msgs' for CMake config files
[326.141s] Level 1:colcon.colcon_core.shell:create_environment_hook('px4_msgs', 'cmake_prefix_path')
[326.142s] INFO:colcon.colcon_core.shell:Creating environment hook '/home/pawn/px4_ros_ws/install/px4_msgs/share/px4_msgs/hook/cmake_prefix_path.ps1'
[326.144s] INFO:colcon.colcon_core.shell:Creating environment descriptor '/home/pawn/px4_ros_ws/install/px4_msgs/share/px4_msgs/hook/cmake_prefix_path.dsv'
[326.144s] INFO:colcon.colcon_core.shell:Creating environment hook '/home/pawn/px4_ros_ws/install/px4_msgs/share/px4_msgs/hook/cmake_prefix_path.sh'
[326.146s] Level 1:colcon.colcon_core.environment:checking '/home/pawn/px4_ros_ws/install/px4_msgs/lib'
[326.147s] Level 1:colcon.colcon_core.shell:create_environment_hook('px4_msgs', 'ld_library_path_lib')
[326.147s] INFO:colcon.colcon_core.shell:Creating environment hook '/home/pawn/px4_ros_ws/install/px4_msgs/share/px4_msgs/hook/ld_library_path_lib.ps1'
[326.149s] INFO:colcon.colcon_core.shell:Creating environment descriptor '/home/pawn/px4_ros_ws/install/px4_msgs/share/px4_msgs/hook/ld_library_path_lib.dsv'
[326.149s] INFO:colcon.colcon_core.shell:Creating environment hook '/home/pawn/px4_ros_ws/install/px4_msgs/share/px4_msgs/hook/ld_library_path_lib.sh'
[326.150s] Level 1:colcon.colcon_core.environment:checking '/home/pawn/px4_ros_ws/install/px4_msgs/bin'
[326.150s] Level 1:colcon.colcon_core.environment:checking '/home/pawn/px4_ros_ws/install/px4_msgs/lib/pkgconfig/px4_msgs.pc'
[326.151s] Level 1:colcon.colcon_core.environment:checking '/home/pawn/px4_ros_ws/install/px4_msgs/lib/python3.12/site-packages'
[326.151s] Level 1:colcon.colcon_core.shell:create_environment_hook('px4_msgs', 'pythonpath')
[326.152s] INFO:colcon.colcon_core.shell:Creating environment hook '/home/pawn/px4_ros_ws/install/px4_msgs/share/px4_msgs/hook/pythonpath.ps1'
[326.152s] INFO:colcon.colcon_core.shell:Creating environment descriptor '/home/pawn/px4_ros_ws/install/px4_msgs/share/px4_msgs/hook/pythonpath.dsv'
[326.153s] INFO:colcon.colcon_core.shell:Creating environment hook '/home/pawn/px4_ros_ws/install/px4_msgs/share/px4_msgs/hook/pythonpath.sh'
[326.154s] Level 1:colcon.colcon_core.environment:checking '/home/pawn/px4_ros_ws/install/px4_msgs/bin'
[326.155s] INFO:colcon.colcon_core.shell:Creating package script '/home/pawn/px4_ros_ws/install/px4_msgs/share/px4_msgs/package.ps1'
[326.157s] INFO:colcon.colcon_core.shell:Creating package descriptor '/home/pawn/px4_ros_ws/install/px4_msgs/share/px4_msgs/package.dsv'
[326.158s] INFO:colcon.colcon_core.shell:Creating package script '/home/pawn/px4_ros_ws/install/px4_msgs/share/px4_msgs/package.sh'
[326.160s] INFO:colcon.colcon_core.shell:Creating package script '/home/pawn/px4_ros_ws/install/px4_msgs/share/px4_msgs/package.bash'
[326.161s] INFO:colcon.colcon_core.shell:Creating package script '/home/pawn/px4_ros_ws/install/px4_msgs/share/px4_msgs/package.zsh'
[326.163s] Level 1:colcon.colcon_core.environment:create_file_with_runtime_dependencies(/home/pawn/px4_ros_ws/install/px4_msgs/share/colcon-core/packages/px4_msgs)
[326.164s] Level 1:colcon.colcon_core.environment:create_environment_scripts_only(px4_msgs)
[326.165s] Level 1:colcon.colcon_core.environment:checking '/home/pawn/px4_ros_ws/install/px4_msgs' for CMake module files
[326.166s] Level 1:colcon.colcon_core.environment:checking '/home/pawn/px4_ros_ws/install/px4_msgs' for CMake config files
[326.195s] Level 1:colcon.colcon_core.shell:create_environment_hook('px4_msgs', 'cmake_prefix_path')
[326.195s] INFO:colcon.colcon_core.shell:Creating environment hook '/home/pawn/px4_ros_ws/install/px4_msgs/share/px4_msgs/hook/cmake_prefix_path.ps1'
[326.196s] INFO:colcon.colcon_core.shell:Creating environment descriptor '/home/pawn/px4_ros_ws/install/px4_msgs/share/px4_msgs/hook/cmake_prefix_path.dsv'
[326.197s] INFO:colcon.colcon_core.shell:Creating environment hook '/home/pawn/px4_ros_ws/install/px4_msgs/share/px4_msgs/hook/cmake_prefix_path.sh'
[326.198s] Level 1:colcon.colcon_core.environment:checking '/home/pawn/px4_ros_ws/install/px4_msgs/lib'
[326.198s] Level 1:colcon.colcon_core.shell:create_environment_hook('px4_msgs', 'ld_library_path_lib')
[326.198s] INFO:colcon.colcon_core.shell:Creating environment hook '/home/pawn/px4_ros_ws/install/px4_msgs/share/px4_msgs/hook/ld_library_path_lib.ps1'
[326.199s] INFO:colcon.colcon_core.shell:Creating environment descriptor '/home/pawn/px4_ros_ws/install/px4_msgs/share/px4_msgs/hook/ld_library_path_lib.dsv'
[326.199s] INFO:colcon.colcon_core.shell:Creating environment hook '/home/pawn/px4_ros_ws/install/px4_msgs/share/px4_msgs/hook/ld_library_path_lib.sh'
[326.200s] Level 1:colcon.colcon_core.environment:checking '/home/pawn/px4_ros_ws/install/px4_msgs/bin'
[326.200s] Level 1:colcon.colcon_core.environment:checking '/home/pawn/px4_ros_ws/install/px4_msgs/lib/pkgconfig/px4_msgs.pc'
[326.201s] Level 1:colcon.colcon_core.environment:checking '/home/pawn/px4_ros_ws/install/px4_msgs/lib/python3.12/site-packages'
[326.201s] Level 1:colcon.colcon_core.shell:create_environment_hook('px4_msgs', 'pythonpath')
[326.201s] INFO:colcon.colcon_core.shell:Creating environment hook '/home/pawn/px4_ros_ws/install/px4_msgs/share/px4_msgs/hook/pythonpath.ps1'
[326.202s] INFO:colcon.colcon_core.shell:Creating environment descriptor '/home/pawn/px4_ros_ws/install/px4_msgs/share/px4_msgs/hook/pythonpath.dsv'
[326.203s] INFO:colcon.colcon_core.shell:Creating environment hook '/home/pawn/px4_ros_ws/install/px4_msgs/share/px4_msgs/hook/pythonpath.sh'
[326.204s] Level 1:colcon.colcon_core.environment:checking '/home/pawn/px4_ros_ws/install/px4_msgs/bin'
[326.204s] INFO:colcon.colcon_core.shell:Creating package script '/home/pawn/px4_ros_ws/install/px4_msgs/share/px4_msgs/package.ps1'
[326.205s] INFO:colcon.colcon_core.shell:Creating package descriptor '/home/pawn/px4_ros_ws/install/px4_msgs/share/px4_msgs/package.dsv'
[326.206s] INFO:colcon.colcon_core.shell:Creating package script '/home/pawn/px4_ros_ws/install/px4_msgs/share/px4_msgs/package.sh'
[326.207s] INFO:colcon.colcon_core.shell:Creating package script '/home/pawn/px4_ros_ws/install/px4_msgs/share/px4_msgs/package.bash'
[326.207s] INFO:colcon.colcon_core.shell:Creating package script '/home/pawn/px4_ros_ws/install/px4_msgs/share/px4_msgs/package.zsh'
[326.208s] Level 1:colcon.colcon_core.environment:create_file_with_runtime_dependencies(/home/pawn/px4_ros_ws/install/px4_msgs/share/colcon-core/packages/px4_msgs)
[326.209s] INFO:colcon.colcon_ros.task.ament_python.build:Building ROS package in '/home/pawn/px4_ros_ws/src/px4_powerplant_mission' with build type 'ament_python'
[326.209s] Level 1:colcon.colcon_core.shell:create_environment_hook('px4_powerplant_mission', 'ament_prefix_path')
[326.211s] INFO:colcon.colcon_core.shell:Creating environment hook '/home/pawn/px4_ros_ws/install/px4_powerplant_mission/share/px4_powerplant_mission/hook/ament_prefix_path.ps1'
[326.212s] INFO:colcon.colcon_core.shell:Creating environment descriptor '/home/pawn/px4_ros_ws/install/px4_powerplant_mission/share/px4_powerplant_mission/hook/ament_prefix_path.dsv'
[326.213s] INFO:colcon.colcon_core.shell:Creating environment hook '/home/pawn/px4_ros_ws/install/px4_powerplant_mission/share/px4_powerplant_mission/hook/ament_prefix_path.sh'
[326.214s] INFO:colcon.colcon_core.shell:Skip shell extension 'powershell' for command environment: Not usable outside of PowerShell
[326.215s] DEBUG:colcon.colcon_core.shell:Skip shell extension 'dsv' for command environment
[326.716s] INFO:colcon.colcon_core.task.python.build:Building Python package in '/home/pawn/px4_ros_ws/src/px4_powerplant_mission'
[326.717s] INFO:colcon.colcon_core.shell:Skip shell extension 'powershell' for command environment: Not usable outside of PowerShell
[326.717s] DEBUG:colcon.colcon_core.shell:Skip shell extension 'dsv' for command environment
[328.188s] DEBUG:colcon.colcon_core.event_handler.log_command:Invoking command in '/home/pawn/px4_ros_ws/build/px4_powerplant_mission': AMENT_PREFIX_PATH=/home/pawn/px4_ros_ws/install/px4_msgs:${AMENT_PREFIX_PATH} CMAKE_PREFIX_PATH=/home/pawn/px4_ros_ws/install/px4_msgs:${CMAKE_PREFIX_PATH} DEBUGINFOD_URLS=https://debuginfod.ubuntu.com LD_LIBRARY_PATH=/home/pawn/px4_ros_ws/install/px4_msgs/lib:${LD_LIBRARY_PATH} PYTHONPATH=/home/pawn/px4_ros_ws/build/px4_powerplant_mission/prefix_override:/usr/lib/python3/dist-packages/colcon_core/task/python/colcon_distutils_commands:/home/pawn/px4_ros_ws/install/px4_powerplant_mission/lib/python3.12/site-packages:/home/pawn/px4_ros_ws/install/px4_msgs/lib/python3.12/site-packages:${PYTHONPATH} /usr/bin/python3 -W ignore:setup.py install is deprecated -W ignore:easy_install command is deprecated setup.py develop --editable --build-directory /home/pawn/px4_ros_ws/build/px4_powerplant_mission/build --no-deps symlink_data
[328.989s] Level 1:colcon.colcon_core.shell:create_environment_hook('px4_powerplant_mission', 'pythonpath_develop')
[328.990s] INFO:colcon.colcon_core.shell:Creating environment hook '/home/pawn/px4_ros_ws/build/px4_powerplant_mission/share/px4_powerplant_mission/hook/pythonpath_develop.ps1'
[328.990s] DEBUG:colcon.colcon_core.event_handler.log_command:Invoked command in '/home/pawn/px4_ros_ws/build/px4_powerplant_mission' returned '0': AMENT_PREFIX_PATH=/home/pawn/px4_ros_ws/install/px4_msgs:${AMENT_PREFIX_PATH} CMAKE_PREFIX_PATH=/home/pawn/px4_ros_ws/install/px4_msgs:${CMAKE_PREFIX_PATH} DEBUGINFOD_URLS=https://debuginfod.ubuntu.com LD_LIBRARY_PATH=/home/pawn/px4_ros_ws/install/px4_msgs/lib:${LD_LIBRARY_PATH} PYTHONPATH=/home/pawn/px4_ros_ws/build/px4_powerplant_mission/prefix_override:/usr/lib/python3/dist-packages/colcon_core/task/python/colcon_distutils_commands:/home/pawn/px4_ros_ws/install/px4_powerplant_mission/lib/python3.12/site-packages:/home/pawn/px4_ros_ws/install/px4_msgs/lib/python3.12/site-packages:${PYTHONPATH} /usr/bin/python3 -W ignore:setup.py install is deprecated -W ignore:easy_install command is deprecated setup.py develop --editable --build-directory /home/pawn/px4_ros_ws/build/px4_powerplant_mission/build --no-deps symlink_data
[328.992s] INFO:colcon.colcon_core.shell:Creating environment descriptor '/home/pawn/px4_ros_ws/build/px4_powerplant_mission/share/px4_powerplant_mission/hook/pythonpath_develop.dsv'
[328.993s] INFO:colcon.colcon_core.shell:Creating environment hook '/home/pawn/px4_ros_ws/build/px4_powerplant_mission/share/px4_powerplant_mission/hook/pythonpath_develop.sh'
[328.994s] Level 1:colcon.colcon_core.environment:checking '/home/pawn/px4_ros_ws/install/px4_powerplant_mission' for CMake module files
[328.995s] Level 1:colcon.colcon_core.environment:checking '/home/pawn/px4_ros_ws/install/px4_powerplant_mission' for CMake config files
[328.996s] Level 1:colcon.colcon_core.environment:checking '/home/pawn/px4_ros_ws/install/px4_powerplant_mission/lib'
[328.996s] Level 1:colcon.colcon_core.environment:checking '/home/pawn/px4_ros_ws/install/px4_powerplant_mission/bin'
[328.996s] Level 1:colcon.colcon_core.environment:checking '/home/pawn/px4_ros_ws/install/px4_powerplant_mission/lib/pkgconfig/px4_powerplant_mission.pc'
[328.996s] Level 1:colcon.colcon_core.environment:checking '/home/pawn/px4_ros_ws/install/px4_powerplant_mission/lib/python3.12/site-packages'
[328.997s] Level 1:colcon.colcon_core.shell:create_environment_hook('px4_powerplant_mission', 'pythonpath')
[328.997s] INFO:colcon.colcon_core.shell:Creating environment hook '/home/pawn/px4_ros_ws/install/px4_powerplant_mission/share/px4_powerplant_mission/hook/pythonpath.ps1'
[328.998s] INFO:colcon.colcon_core.shell:Creating environment descriptor '/home/pawn/px4_ros_ws/install/px4_powerplant_mission/share/px4_powerplant_mission/hook/pythonpath.dsv'
[328.998s] INFO:colcon.colcon_core.shell:Creating environment hook '/home/pawn/px4_ros_ws/install/px4_powerplant_mission/share/px4_powerplant_mission/hook/pythonpath.sh'
[328.999s] Level 1:colcon.colcon_core.environment:checking '/home/pawn/px4_ros_ws/install/px4_powerplant_mission/bin'
[328.999s] Level 1:colcon.colcon_core.environment:create_environment_scripts_only(px4_powerplant_mission)
[329.000s] INFO:colcon.colcon_core.shell:Creating package script '/home/pawn/px4_ros_ws/install/px4_powerplant_mission/share/px4_powerplant_mission/package.ps1'
[329.000s] INFO:colcon.colcon_core.shell:Creating package descriptor '/home/pawn/px4_ros_ws/install/px4_powerplant_mission/share/px4_powerplant_mission/package.dsv'
[329.001s] INFO:colcon.colcon_core.shell:Creating package script '/home/pawn/px4_ros_ws/install/px4_powerplant_mission/share/px4_powerplant_mission/package.sh'
[329.002s] INFO:colcon.colcon_core.shell:Creating package script '/home/pawn/px4_ros_ws/install/px4_powerplant_mission/share/px4_powerplant_mission/package.bash'
[329.002s] INFO:colcon.colcon_core.shell:Creating package script '/home/pawn/px4_ros_ws/install/px4_powerplant_mission/share/px4_powerplant_mission/package.zsh'
[329.003s] Level 1:colcon.colcon_core.environment:create_file_with_runtime_dependencies(/home/pawn/px4_ros_ws/install/px4_powerplant_mission/share/colcon-core/packages/px4_powerplant_mission)
[329.004s] DEBUG:colcon.colcon_parallel_executor.executor.parallel:closing loop
[329.006s] DEBUG:colcon.colcon_parallel_executor.executor.parallel:loop closed
[329.006s] DEBUG:colcon.colcon_parallel_executor.executor.parallel:run_until_complete finished with '0'
[329.006s] DEBUG:colcon.colcon_core.event_reactor:joining thread
[329.074s] INFO:colcon.colcon_core.plugin_system:Skipping extension 'colcon_notification.desktop_notification.notify_send': Could not find 'notify-send'
[329.074s] INFO:colcon.colcon_core.plugin_system:Skipping extension 'colcon_notification.desktop_notification.terminal_notifier': Not used on non-Darwin systems
[329.074s] INFO:colcon.colcon_core.plugin_system:Skipping extension 'colcon_notification.desktop_notification.win32': Not used on non-Windows systems
[329.074s] INFO:colcon.colcon_notification.desktop_notification:Sending desktop notification using 'notify2'
[329.075s] DEBUG:colcon.colcon_notification.desktop_notification.notify2:Failed to initialize notify2: org.freedesktop.DBus.Error.AccessDenied: Failed to connect to socket /run/user/1000/bus: Operation not permitted
[329.075s] DEBUG:colcon.colcon_core.event_reactor:joined thread
[329.075s] INFO:colcon.colcon_core.shell:Creating prefix script '/home/pawn/px4_ros_ws/install/local_setup.ps1'
[329.077s] INFO:colcon.colcon_core.shell:Creating prefix util module '/home/pawn/px4_ros_ws/install/_local_setup_util_ps1.py'
[329.078s] INFO:colcon.colcon_core.shell:Creating prefix chain script '/home/pawn/px4_ros_ws/install/setup.ps1'
[329.080s] INFO:colcon.colcon_core.shell:Creating prefix script '/home/pawn/px4_ros_ws/install/local_setup.sh'
[329.081s] INFO:colcon.colcon_core.shell:Creating prefix util module '/home/pawn/px4_ros_ws/install/_local_setup_util_sh.py'
[329.082s] INFO:colcon.colcon_core.shell:Creating prefix chain script '/home/pawn/px4_ros_ws/install/setup.sh'
[329.083s] INFO:colcon.colcon_core.shell:Creating prefix script '/home/pawn/px4_ros_ws/install/local_setup.bash'
[329.084s] INFO:colcon.colcon_core.shell:Creating prefix chain script '/home/pawn/px4_ros_ws/install/setup.bash'
[329.085s] INFO:colcon.colcon_core.shell:Creating prefix script '/home/pawn/px4_ros_ws/install/local_setup.zsh'
[329.086s] INFO:colcon.colcon_core.shell:Creating prefix chain script '/home/pawn/px4_ros_ws/install/setup.zsh'
