[1.480s] Invoking command in '/home/pawn/px4_ros_ws/build/px4_powerplant_mission': DEBUGINFOD_URLS=https://debuginfod.ubuntu.com PYTHONPATH=/home/pawn/px4_ros_ws/build/px4_powerplant_mission/prefix_override:/usr/lib/python3/dist-packages/colcon_core/task/python/colcon_distutils_commands:/home/pawn/px4_ros_ws/install/px4_powerplant_mission/lib/python3.12/site-packages:/home/pawn/px4_ros_ws/install/px4_msgs/lib/python3.12/site-packages:/home/pawn/px4_ros_ws/build/px4_powerplant_mission:/home/pawn/px4_ros_ws/install/px4_powerplant_mission/lib/python3.12/site-packages:/opt/ros/jazzy/lib/python3.12/site-packages /usr/bin/python3 -W ignore:setup.py install is deprecated -W ignore:easy_install command is deprecated setup.py develop --editable --build-directory /home/pawn/px4_ros_ws/build/px4_powerplant_mission/build --no-deps symlink_data
[1.891s] running develop
[2.135s] running egg_info
[2.163s] writing px4_powerplant_mission.egg-info/PKG-INFO
[2.164s] writing dependency_links to px4_powerplant_mission.egg-info/dependency_links.txt
[2.164s] writing entry points to px4_powerplant_mission.egg-info/entry_points.txt
[2.165s] writing requirements to px4_powerplant_mission.egg-info/requires.txt
[2.166s] writing top-level names to px4_powerplant_mission.egg-info/top_level.txt
[2.218s] reading manifest file 'px4_powerplant_mission.egg-info/SOURCES.txt'
[2.219s] writing manifest file 'px4_powerplant_mission.egg-info/SOURCES.txt'
[2.247s] running build_ext
[2.247s] Creating /home/pawn/px4_ros_ws/install/px4_powerplant_mission/lib/python3.12/site-packages/px4-powerplant-mission.egg-link (link to .)
[2.248s] Installing localization_node script to /home/pawn/px4_ros_ws/install/px4_powerplant_mission/lib/px4_powerplant_mission
[2.248s] Installing offboard_mission_node script to /home/pawn/px4_ros_ws/install/px4_powerplant_mission/lib/px4_powerplant_mission
[2.249s] Installing uwb_simulator_node script to /home/pawn/px4_ros_ws/install/px4_powerplant_mission/lib/px4_powerplant_mission
[2.249s] Installing voxel_mapper_node script to /home/pawn/px4_ros_ws/install/px4_powerplant_mission/lib/px4_powerplant_mission
[2.250s] Installing yolo_detector_node script to /home/pawn/px4_ros_ws/install/px4_powerplant_mission/lib/px4_powerplant_mission
[2.250s] 
[2.250s] Installed /home/pawn/px4_ros_ws/build/px4_powerplant_mission
[2.251s] running symlink_data
[2.294s] Invoked command in '/home/pawn/px4_ros_ws/build/px4_powerplant_mission' returned '0': DEBUGINFOD_URLS=https://debuginfod.ubuntu.com PYTHONPATH=/home/pawn/px4_ros_ws/build/px4_powerplant_mission/prefix_override:/usr/lib/python3/dist-packages/colcon_core/task/python/colcon_distutils_commands:/home/pawn/px4_ros_ws/install/px4_powerplant_mission/lib/python3.12/site-packages:/home/pawn/px4_ros_ws/install/px4_msgs/lib/python3.12/site-packages:/home/pawn/px4_ros_ws/build/px4_powerplant_mission:/home/pawn/px4_ros_ws/install/px4_powerplant_mission/lib/python3.12/site-packages:/opt/ros/jazzy/lib/python3.12/site-packages /usr/bin/python3 -W ignore:setup.py install is deprecated -W ignore:easy_install command is deprecated setup.py develop --editable --build-directory /home/pawn/px4_ros_ws/build/px4_powerplant_mission/build --no-deps symlink_data
