[1.531s] Invoking command in '/home/pawn/px4_ros_ws/build/px4_powerplant_mission': DEBUGINFOD_URLS=https://debuginfod.ubuntu.com PYTHONPATH=/home/pawn/px4_ros_ws/build/px4_powerplant_mission/prefix_override:/usr/lib/python3/dist-packages/colcon_core/task/python/colcon_distutils_commands:/home/pawn/px4_ros_ws/install/px4_powerplant_mission/lib/python3.12/site-packages:/home/pawn/px4_ros_ws/install/px4_msgs/lib/python3.12/site-packages:/home/pawn/px4_ros_ws/build/px4_powerplant_mission:/home/pawn/px4_ros_ws/install/px4_powerplant_mission/lib/python3.12/site-packages:/opt/ros/jazzy/lib/python3.12/site-packages /usr/bin/python3 -W ignore:setup.py install is deprecated -W ignore:easy_install command is deprecated setup.py develop --editable --build-directory /home/pawn/px4_ros_ws/build/px4_powerplant_mission/build --no-deps symlink_data
[1.941s] running develop
[2.187s] running egg_info
[2.210s] writing px4_powerplant_mission.egg-info/PKG-INFO
[2.210s] writing dependency_links to px4_powerplant_mission.egg-info/dependency_links.txt
[2.211s] writing entry points to px4_powerplant_mission.egg-info/entry_points.txt
[2.211s] writing requirements to px4_powerplant_mission.egg-info/requires.txt
[2.212s] writing top-level names to px4_powerplant_mission.egg-info/top_level.txt
[2.257s] reading manifest file 'px4_powerplant_mission.egg-info/SOURCES.txt'
[2.258s] writing manifest file 'px4_powerplant_mission.egg-info/SOURCES.txt'
[2.282s] running build_ext
[2.283s] Creating /home/pawn/px4_ros_ws/install/px4_powerplant_mission/lib/python3.12/site-packages/px4-powerplant-mission.egg-link (link to .)
[2.283s] Installing localization_node script to /home/pawn/px4_ros_ws/install/px4_powerplant_mission/lib/px4_powerplant_mission
[2.284s] Installing offboard_mission_node script to /home/pawn/px4_ros_ws/install/px4_powerplant_mission/lib/px4_powerplant_mission
[2.284s] Installing uwb_simulator_node script to /home/pawn/px4_ros_ws/install/px4_powerplant_mission/lib/px4_powerplant_mission
[2.284s] Installing voxel_mapper_node script to /home/pawn/px4_ros_ws/install/px4_powerplant_mission/lib/px4_powerplant_mission
[2.285s] Installing yolo_detector_node script to /home/pawn/px4_ros_ws/install/px4_powerplant_mission/lib/px4_powerplant_mission
[2.285s] 
[2.286s] Installed /home/pawn/px4_ros_ws/build/px4_powerplant_mission
[2.286s] running symlink_data
[2.327s] Invoked command in '/home/pawn/px4_ros_ws/build/px4_powerplant_mission' returned '0': DEBUGINFOD_URLS=https://debuginfod.ubuntu.com PYTHONPATH=/home/pawn/px4_ros_ws/build/px4_powerplant_mission/prefix_override:/usr/lib/python3/dist-packages/colcon_core/task/python/colcon_distutils_commands:/home/pawn/px4_ros_ws/install/px4_powerplant_mission/lib/python3.12/site-packages:/home/pawn/px4_ros_ws/install/px4_msgs/lib/python3.12/site-packages:/home/pawn/px4_ros_ws/build/px4_powerplant_mission:/home/pawn/px4_ros_ws/install/px4_powerplant_mission/lib/python3.12/site-packages:/opt/ros/jazzy/lib/python3.12/site-packages /usr/bin/python3 -W ignore:setup.py install is deprecated -W ignore:easy_install command is deprecated setup.py develop --editable --build-directory /home/pawn/px4_ros_ws/build/px4_powerplant_mission/build --no-deps symlink_data
