[1.976s] Invoking command in '/home/pawn/px4_ros_ws/build/px4_powerplant_mission': AMENT_PREFIX_PATH=/home/pawn/px4_ros_ws/install/px4_msgs:${AMENT_PREFIX_PATH} CMAKE_PREFIX_PATH=/home/pawn/px4_ros_ws/install/px4_msgs:${CMAKE_PREFIX_PATH} DEBUGINFOD_URLS=https://debuginfod.ubuntu.com LD_LIBRARY_PATH=/home/pawn/px4_ros_ws/install/px4_msgs/lib:${LD_LIBRARY_PATH} PYTHONPATH=/home/pawn/px4_ros_ws/build/px4_powerplant_mission/prefix_override:/usr/lib/python3/dist-packages/colcon_core/task/python/colcon_distutils_commands:/home/pawn/px4_ros_ws/install/px4_powerplant_mission/lib/python3.12/site-packages:/home/pawn/px4_ros_ws/install/px4_msgs/lib/python3.12/site-packages:${PYTHONPATH} /usr/bin/python3 -W ignore:setup.py install is deprecated -W ignore:easy_install command is deprecated setup.py develop --editable --build-directory /home/pawn/px4_ros_ws/build/px4_powerplant_mission/build --no-deps symlink_data
[2.393s] running develop
[2.627s] running egg_info
[2.627s] creating px4_powerplant_mission.egg-info
[2.649s] writing px4_powerplant_mission.egg-info/PKG-INFO
[2.650s] writing dependency_links to px4_powerplant_mission.egg-info/dependency_links.txt
[2.650s] writing entry points to px4_powerplant_mission.egg-info/entry_points.txt
[2.651s] writing requirements to px4_powerplant_mission.egg-info/requires.txt
[2.651s] writing top-level names to px4_powerplant_mission.egg-info/top_level.txt
[2.651s] writing manifest file 'px4_powerplant_mission.egg-info/SOURCES.txt'
[2.698s] reading manifest file 'px4_powerplant_mission.egg-info/SOURCES.txt'
[2.699s] writing manifest file 'px4_powerplant_mission.egg-info/SOURCES.txt'
[2.726s] running build_ext
[2.726s] Creating /home/pawn/px4_ros_ws/install/px4_powerplant_mission/lib/python3.12/site-packages/px4-powerplant-mission.egg-link (link to .)
[2.727s] Installing localization_node script to /home/pawn/px4_ros_ws/install/px4_powerplant_mission/lib/px4_powerplant_mission
[2.728s] Installing offboard_mission_node script to /home/pawn/px4_ros_ws/install/px4_powerplant_mission/lib/px4_powerplant_mission
[2.728s] Installing uwb_simulator_node script to /home/pawn/px4_ros_ws/install/px4_powerplant_mission/lib/px4_powerplant_mission
[2.729s] Installing voxel_mapper_node script to /home/pawn/px4_ros_ws/install/px4_powerplant_mission/lib/px4_powerplant_mission
[2.729s] Installing yolo_detector_node script to /home/pawn/px4_ros_ws/install/px4_powerplant_mission/lib/px4_powerplant_mission
[2.730s] 
[2.730s] Installed /home/pawn/px4_ros_ws/build/px4_powerplant_mission
[2.731s] running symlink_data
[2.731s] creating /home/pawn/px4_ros_ws/install/px4_powerplant_mission/share/ament_index
[2.731s] creating /home/pawn/px4_ros_ws/install/px4_powerplant_mission/share/ament_index/resource_index
[2.732s] creating /home/pawn/px4_ros_ws/install/px4_powerplant_mission/share/ament_index/resource_index/packages
[2.733s] symbolically linking /home/pawn/px4_ros_ws/build/px4_powerplant_mission/resource/px4_powerplant_mission -> /home/pawn/px4_ros_ws/install/px4_powerplant_mission/share/ament_index/resource_index/packages
[2.733s] symbolically linking /home/pawn/px4_ros_ws/build/px4_powerplant_mission/package.xml -> /home/pawn/px4_ros_ws/install/px4_powerplant_mission/share/px4_powerplant_mission
[2.733s] symbolically linking /home/pawn/px4_ros_ws/build/px4_powerplant_mission/README.md -> /home/pawn/px4_ros_ws/install/px4_powerplant_mission/share/px4_powerplant_mission
[2.733s] creating /home/pawn/px4_ros_ws/install/px4_powerplant_mission/share/px4_powerplant_mission/config
[2.733s] symbolically linking /home/pawn/px4_ros_ws/build/px4_powerplant_mission/config/powerplant.yaml -> /home/pawn/px4_ros_ws/install/px4_powerplant_mission/share/px4_powerplant_mission/config
[2.733s] creating /home/pawn/px4_ros_ws/install/px4_powerplant_mission/share/px4_powerplant_mission/launch
[2.734s] symbolically linking /home/pawn/px4_ros_ws/build/px4_powerplant_mission/launch/powerplant_system.launch.py -> /home/pawn/px4_ros_ws/install/px4_powerplant_mission/share/px4_powerplant_mission/launch
[2.734s] symbolically linking /home/pawn/px4_ros_ws/build/px4_powerplant_mission/launch/gz_sensor_bridge.launch.py -> /home/pawn/px4_ros_ws/install/px4_powerplant_mission/share/px4_powerplant_mission/launch
[2.777s] Invoked command in '/home/pawn/px4_ros_ws/build/px4_powerplant_mission' returned '0': AMENT_PREFIX_PATH=/home/pawn/px4_ros_ws/install/px4_msgs:${AMENT_PREFIX_PATH} CMAKE_PREFIX_PATH=/home/pawn/px4_ros_ws/install/px4_msgs:${CMAKE_PREFIX_PATH} DEBUGINFOD_URLS=https://debuginfod.ubuntu.com LD_LIBRARY_PATH=/home/pawn/px4_ros_ws/install/px4_msgs/lib:${LD_LIBRARY_PATH} PYTHONPATH=/home/pawn/px4_ros_ws/build/px4_powerplant_mission/prefix_override:/usr/lib/python3/dist-packages/colcon_core/task/python/colcon_distutils_commands:/home/pawn/px4_ros_ws/install/px4_powerplant_mission/lib/python3.12/site-packages:/home/pawn/px4_ros_ws/install/px4_msgs/lib/python3.12/site-packages:${PYTHONPATH} /usr/bin/python3 -W ignore:setup.py install is deprecated -W ignore:easy_install command is deprecated setup.py develop --editable --build-directory /home/pawn/px4_ros_ws/build/px4_powerplant_mission/build --no-deps symlink_data
